[16:46:43.000] [1] [INFO] Applying resolution 1920x1080 @60hz (fullscreen: True)
[16:46:43.003] [1] [INFO] Low Res Textures? Yes
[16:46:43.009] [1] [INFO] Date: 03/05/2026 16:46:43
[16:46:43.009] [1] [INFO] Build: ??-622222-? (release)
[16:46:43.012] [1] [INFO] Creating SteamManager.
[16:46:43.877] [1] [INFO] DistributionPlatform initialized.
[16:46:43.877] [1] [INFO] -----------------------------------------------------------
[16:46:43.885] [1] [INFO] Build: U52-622222-SC (release)
[16:46:43.885] [1] [INFO] -----------------------------------------------------------
[16:46:43.885] [1] [INFO] DLC Information
[16:46:43.892] [1] [INFO] - DLC2_ID loaded: True
[16:46:43.892] [1] [INFO] - EXPANSION1_ID loaded: True
[16:46:43.892] [1] [INFO] -----------------------------------------------------------
[16:46:47.696] [1] [INFO] Loading Expansion1 assets from bundle
[16:46:55.239] [1] [INFO] Loading DLC DLC2_ID assets from bundle
SYSTEM INFO:
    Platform=WindowsPlayer
    OSname=Windows 11  (10.0.26200) 64bit
    OSversion=10.0.26200.0
    CPUmodel=Latitude 5401 (Dell Inc.)
    CPUdeviceType=Desktop
    CPUarch=AMD64
    ProcBits=64
    CPUcount=8
    CPUtype=Intel(R) Core(TM) i5-9300H CPU @ 2.40GHz
    SystemMemoryMegs=16197
    GPUgraphicsDeviceID=16027
    GPUname=Intel(R) UHD Graphics 630
    GPUgraphicsDeviceType=Direct3D11
    GPUgraphicsDeviceVendor=Intel
    GPUgraphicsDeviceVendorID=32902
    GPUgraphicsDeviceVersion=Direct3D 11.0 [level 11.1]
    GPUmemoryMegs=8098
    GPUgraphicsMultiThreaded=False
    GPUgraphicsShaderLevel=50
    GPUmaxTextureSize=16384
    GPUnpotSupport=Full
    GPUsupportedRenderTargetCount=8
    GPUsupports2DArrayTextures=True
    GPUsupports3DTextures=True
    GPUsupportsComputeShaders=True
    GPUsupportsImageEffects=True
    GPUsupportsInstancing=True
    GPUsupportsRenderToCubemap=True
    GPUsupportsShadows=True
    GPUsupportsSparseTextures=True
    GPUcopyTextureSupport=Basic, Copy3D, DifferentTypes, TextureToRT, RTToTexture
    System Language=English
[16:46:58.670] [1] [INFO] Initializing at 2026-03-05 16:46:58.670
[16:46:58.671] [1] [INFO] Save path: C:\Users\ELECTRO-RIMO\Documents\Klei\OxygenNotIncluded
[16:47:01.000] [1] [INFO] 	ONI Multiplayer Trade has a mod.yaml with a staticID `MultiplayerTrade`, using that from now on.
[16:47:01.015] [1] [INFO] ONI Multiplayer Trade: Successfully loaded from path 'root' with content 'DLL'.
[16:47:01.016] [1] [INFO] Using builtin mod system.
[16:47:01.016] [1] [INFO] Loading mod content DLL [ONI Multiplayer Trade:MultiplayerTrade] (provides DLL)
[16:47:01.020] [1] [INFO] Loading MOD dll: MultiplayerTrade.dll
Fallback handler could not load library C:/Games/Oxygen.Not.Included.v622222.ALL.DLC/OxygenNotIncluded_Data/Mono/data-00000274BACD0070.dll
[MultiplayerTrade] Mod loaded, configuration parsed.
[16:47:02.606] [1] [INFO] Localization.Initialize!
[16:47:02.615] [1] [INFO] 	ONI Multiplayer Trade has a mod.yaml with a staticID `MultiplayerTrade`, using that from now on.
[16:47:02.618] [1] [INFO] ONI Multiplayer Trade: Successfully loaded from path 'root' with content 'DLL'.
[16:47:02.620] [1] [INFO] Subscribe to mod ONI Multiplayer Trade
[16:47:02.656] [1] [INFO] Test Data Location / docs / C:\Users\ELECTRO-RIMO\Documents\Klei\OxygenNotIncluded
[16:47:02.656] [1] [INFO] Test Data Location / local / C:\Users\ELECTRO-RIMO\AppData\Local\Klei\OxygenNotIncluded
[16:47:02.664] [1] [INFO] Test Data Locations / C:\Users\ELECTRO-RIMO\Documents\Klei\OxygenNotIncluded\test / write True / read True / removed True
[16:47:02.664] [1] [INFO] Test Data Locations / C:\Users\ELECTRO-RIMO\AppData\Local\Klei\OxygenNotIncluded\test / write True / read True / removed True
[16:47:02.667] [1] [INFO] Logged into Steam with ID:76561197960271872, NAME:PLAYER
[16:47:02.669] [1] [INFO] [Account] Requesting auth ticket from Steam
[16:47:04.404] [8] [INFO] [Account] Error logging in: {"SecurityTxt":"https://www.klei.com/.well-known/security.txt","ErrorCode":"E_INVALID_TICKET","Error":true,"Token":"","UserID":"","AnalyticsJWT":""}
 for ticket=575553210000000000000000000000000000000000000000000000000000000000000000000000000000000000000000000000000000000000000000000000000000000000000000000000000000000000000000000000000000000000000000000000000000000000000000000000000000000000000000000000000000000000000000000000000000000000000000000000000000000000000000000000000000000000000000000000000000000000000000000000000000000000000000000000000000000000000000000000000000000000000000000000000000000000000000000000000000
[16:47:13.448] [1] [WARNING] Tried loading prefab with duplicate tag, ignoring: DebugPlacer
[16:47:13.448] [1] [WARNING] Tried loading prefab with duplicate tag, ignoring: DebugPlacer
[16:47:21.563] [6] [INFO] World settings reload complete!
Unloading 5 Unused Serialized files (Serialized files now loaded: 2)

Unloading 5595 unused Assets to reduce memory usage. Loaded Objects now: 71110.
Total: 302.569900 ms (FindLiveObjects: 10.389700 ms CreateObjectMapping: 6.059500 ms MarkObjects: 281.267900 ms  DeleteObjects: 4.852200 ms)

Unloading 2 Unused Serialized files (Serialized files now loaded: 2)
UnloadTime: 3.222100 ms

Unloading 4 unused Assets to reduce memory usage. Loaded Objects now: 74972.
Total: 306.876300 ms (FindLiveObjects: 5.269200 ms CreateObjectMapping: 2.837300 ms MarkObjects: 298.435300 ms  DeleteObjects: 0.334000 ms)

[16:47:26.155] [1] [INFO] -- MAIN MENU -- 
[16:47:26.541] [1] [INFO] Checking which steam branch we're on. Got: []
[16:47:26.759] [1] [INFO] Screen resolution updated, saving values to prefs: 1920x1080 @ 60, fullscreen: True
Unloading 1 Unused Serialized files (Serialized files now loaded: 2)

Unloading 0 unused Assets to reduce memory usage. Loaded Objects now: 74963.
Total: 297.934800 ms (FindLiveObjects: 7.016200 ms CreateObjectMapping: 5.167100 ms MarkObjects: 285.585200 ms  DeleteObjects: 0.165700 ms)

Unloading 5 Unused Serialized files (Serialized files now loaded: 2)
UnloadTime: 100.027100 ms

Unloading 93 unused Assets to reduce memory usage. Loaded Objects now: 95345.
Total: 568.566900 ms (FindLiveObjects: 8.474200 ms CreateObjectMapping: 8.333900 ms MarkObjects: 551.241100 ms  DeleteObjects: 0.516700 ms)

[16:47:31.659] [1] [INFO] Loading save file: C:\Users\ELECTRO-RIMO\Documents\Klei\OxygenNotIncluded\cloud_save_files\76561197960271872\Factory\Factory.sav
 headerVersion:1, buildVersion:622222, headerSize:362, IsCompressed:True
[16:47:31.659] [1] [INFO] GameInfo loaded from save header:
  numberOfCycles:0,
  numberOfDuplicants:3,
  baseName:Factory,
  isAutoSave:False,
  originalSaveName:Factory.sav,
  clusterId:expansion1::clusters/VanillaSandstoneCluster,
  worldTraits:<i>none</i>,
  colonyGuid:961328b9-ab27-41ac-b3fc-1c1d9e206fd3,
  saveVersion:7.34
[16:47:32.165] [1] [INFO] Mod Footprint (1):
  - ONI Multiplayer Trade
[16:47:32.166] [1] [INFO] Active Mods (1):
  - ONI Multiplayer Trade
[16:47:56.451] [1] [INFO] 76.20401 Level Loaded.... backend
Shader warmup: 74 shaders 325 combinations 0.141s
[16:47:58.159] [1] [INFO] ONI Multiplayer Trade's assembly declared the method ONI_MP.UI.lib.AssetUtils:LoadAssetBundle in the stack trace, adding to referenced mods list
Unable to open archive file: C:/Users/ELECTRO-RIMO/Documents/Klei/OxygenNotIncluded/mods/Local/MultiplayerTrade/assets/windows/oni_mp_ui_assets
Failed to read data for the AssetBundle 'C:\Users\ELECTRO-RIMO\Documents\Klei\OxygenNotIncluded\mods\Local\MultiplayerTrade\assets\windows\oni_mp_ui_assets'.
[ONI_MP Warn] Failed to load AssetBundle from path C:\Users\ELECTRO-RIMO\Documents\Klei\OxygenNotIncluded\mods\Local\MultiplayerTrade\assets\windows\oni_mp_ui_assets
[16:47:58.166] [1] [ERROR] [Multiplayer Trade Mod] Failed to load UI AssetBundles! Object reference not set to an instance of an object
[Multiplayer Trade Mod] Failed to load UI AssetBundles! Object reference not set to an instance of an object
[16:47:58.172] [1] [INFO] [Multiplayer Trade Mod] Steam P2P Network Manager initialized.
[16:47:59.792] [1] [INFO] SAVEINFO
[16:47:59.792] [1] [INFO]  - Generated: Tuesday, 03 March 2026 14:03:27
[16:47:59.793] [1] [INFO]  - Played on: 622222
[16:47:59.793] [1] [INFO]  - Debug was used: False
[16:47:59.793] [1] [INFO] Custom Settings: ClusterLayout=expansion1::clusters/VanillaSandstoneCluster,WorldgenSeed=660715120,ImmuneSystem=Default,CalorieBurn=Default,Morale=Default,Durability=Default,MeteorShowers=Default,Radiation=Default,Stress=Default,StressBreaks=Default,CarePackages=Enabled,SandboxMode=Disabled,FastWorkersMode=Disabled,SaveToCloud=Enabled,Teleporters=Enabled,
[16:47:59.793] [1] [INFO] Story Settings: MegaBrainTank=Disabled,CreatureManipulator=Disabled,LonelyMinion=Disabled,FossilHunt=Disabled,MorbRoverMaker=Disabled,
[16:47:59.793] [1] [INFO] Mixing Settings: DLC2_ID=Enabled,IceCavesMixing=Disabled,CarrotQuarryMixing=Disabled,SugarWoodsMixing=Disabled,CeresAsteroidMixing=Disabled,
[16:48:00.194] [1] [INFO] Loaded [C:\Users\ELECTRO-RIMO\Documents\Klei\OxygenNotIncluded\cloud_save_files\76561197960271872\Factory\Factory.sav]
[16:48:00.194] [1] [INFO] World Seeds [660715127/660715127/660715127/660715127]
[16:48:00.341] [1] [INFO] -- GAME --
[16:48:00.342] [1] [INFO] [InterfaceTool] Initializing configs with values of DefaultKey: Invalid Configs: 3
[16:48:00.347] [1] [INFO] [InterfaceTool] Pushing config with key: Invalid
[16:48:00.445] [1] [WARNING] True Timelapse.OnNewDay but worldsToScreenshot is not empty
Unloading 0 Unused Serialized files (Serialized files now loaded: 2)
[16:48:06.982] [1] [INFO] Checking which steam branch we're on. Got: []
[16:48:07.018] [1] [INFO] Checking which steam branch we're on. Got: []
[16:48:07.245] [1] [WARNING] world Asteroid has invalid season VanillaSandstoneDefaultMeteorShowers
[16:48:07.249] [1] [WARNING] world Asteroid has invalid season MediumRadioactiveVanillaWarpPlanetMeteorShowers
FalseFalseFalseFalse[16:48:15.301] [1] [WARNING] artifacts_kanim ui placeSymbol [ ui ] is missing
[16:48:16.265] [1] [INFO] Screen resolution updated, saving values to prefs: 1920x1080 @ 60, fullscreen: True

Unloading 7 unused Assets to reduce memory usage. Loaded Objects now: 212049.
Total: 1164.913800 ms (FindLiveObjects: 25.990200 ms CreateObjectMapping: 14.238400 ms MarkObjects: 1124.105900 ms  DeleteObjects: 0.578500 ms)

Game.OnApplicationQuit()
Setting up 2 worker threads for Enlighten.
  Thread -> id: 15d8 -> priority: 1 
  Thread -> id: 184c -> priority: 1 
