[17:18:48.390] [1] [INFO] Applying resolution 1920x1080 @60hz (fullscreen: True)
[17:18:48.390] [1] [INFO] Low Res Textures? Yes
[17:18:48.401] [1] [INFO] Date: 03/05/2026 17:18:48
[17:18:48.402] [1] [INFO] Build: ??-622222-? (release)
[17:18:48.407] [1] [INFO] Creating SteamManager.
[17:18:49.322] [1] [INFO] DistributionPlatform initialized.
[17:18:49.322] [1] [INFO] -----------------------------------------------------------
[17:18:49.329] [1] [INFO] Build: U52-622222-SC (release)
[17:18:49.329] [1] [INFO] -----------------------------------------------------------
[17:18:49.329] [1] [INFO] DLC Information
[17:18:49.335] [1] [INFO] - DLC2_ID loaded: True
[17:18:49.335] [1] [INFO] - EXPANSION1_ID loaded: True
[17:18:49.335] [1] [INFO] -----------------------------------------------------------
[17:18:52.638] [1] [INFO] Loading Expansion1 assets from bundle
[17:19:01.183] [1] [INFO] Loading DLC DLC2_ID assets from bundle
SYSTEM INFO:
    Platform=WindowsPlayer
    OSname=Windows 11  (10.0.26200) 64bit
    OSversion=10.0.26200.0
    CPUmodel=Latitude 5401 (Dell Inc.)
    CPUdeviceType=Desktop
    CPUarch=AMD64
    ProcBits=64
    CPUcount=8
    CPUtype=Intel(R) Core(TM) i5-9300H CPU @ 2.40GHz
    SystemMemoryMegs=16197
    GPUgraphicsDeviceID=16027
    GPUname=Intel(R) UHD Graphics 630
    GPUgraphicsDeviceType=Direct3D11
    GPUgraphicsDeviceVendor=Intel
    GPUgraphicsDeviceVendorID=32902
    GPUgraphicsDeviceVersion=Direct3D 11.0 [level 11.1]
    GPUmemoryMegs=8098
    GPUgraphicsMultiThreaded=False
    GPUgraphicsShaderLevel=50
    GPUmaxTextureSize=16384
    GPUnpotSupport=Full
    GPUsupportedRenderTargetCount=8
    GPUsupports2DArrayTextures=True
    GPUsupports3DTextures=True
    GPUsupportsComputeShaders=True
    GPUsupportsImageEffects=True
    GPUsupportsInstancing=True
    GPUsupportsRenderToCubemap=True
    GPUsupportsShadows=True
    GPUsupportsSparseTextures=True
    GPUcopyTextureSupport=Basic, Copy3D, DifferentTypes, TextureToRT, RTToTexture
    System Language=English
[17:19:03.172] [1] [INFO] Initializing at 2026-03-05 17:19:03.172
[17:19:03.173] [1] [INFO] Save path: C:\Users\ELECTRO-RIMO\Documents\Klei\OxygenNotIncluded
[17:19:05.105] [1] [INFO] 	ONI Multiplayer Trade has a mod.yaml with a staticID `MultiplayerTrade`, using that from now on.
[17:19:05.117] [1] [INFO] ONI Multiplayer Trade: Successfully loaded from path 'root' with content 'DLL'.
[17:19:05.118] [1] [INFO] Using builtin mod system.
[17:19:05.119] [1] [INFO] Loading mod content DLL [ONI Multiplayer Trade:MultiplayerTrade] (provides DLL)
[17:19:05.123] [1] [INFO] Loading MOD dll: MultiplayerTrade.dll
Fallback handler could not load library C:/Games/Oxygen.Not.Included.v622222.ALL.DLC/OxygenNotIncluded_Data/Mono/data-0000015D3B9C04F0.dll
[MultiplayerTrade] Mod loaded, configuration parsed.
[17:19:05.363] [1] [INFO] Localization.Initialize!
[17:19:05.373] [1] [INFO] 	ONI Multiplayer Trade has a mod.yaml with a staticID `MultiplayerTrade`, using that from now on.
[17:19:05.376] [1] [INFO] ONI Multiplayer Trade: Successfully loaded from path 'root' with content 'DLL'.
[17:19:05.377] [1] [INFO] Subscribe to mod ONI Multiplayer Trade
[17:19:05.409] [1] [INFO] Test Data Location / docs / C:\Users\ELECTRO-RIMO\Documents\Klei\OxygenNotIncluded
[17:19:05.409] [1] [INFO] Test Data Location / local / C:\Users\ELECTRO-RIMO\AppData\Local\Klei\OxygenNotIncluded
[17:19:05.415] [1] [INFO] Test Data Locations / C:\Users\ELECTRO-RIMO\Documents\Klei\OxygenNotIncluded\test / write True / read True / removed True
[17:19:05.415] [1] [INFO] Test Data Locations / C:\Users\ELECTRO-RIMO\AppData\Local\Klei\OxygenNotIncluded\test / write True / read True / removed True
[17:19:05.420] [1] [INFO] Logged into Steam with ID:76561197960271872, NAME:PLAYER
[17:19:05.420] [1] [INFO] [Account] Requesting auth ticket from Steam
[17:19:06.972] [8] [INFO] [Account] Error logging in: {"SecurityTxt":"https://www.klei.com/.well-known/security.txt","ErrorCode":"E_INVALID_TICKET","Error":true,"Token":"","UserID":"","AnalyticsJWT":""}
 for ticket=575553210000000000000000000000000000000000000000000000000000000000000000000000000000000000000000000000000000000000000000000000000000000000000000000000000000000000000000000000000000000000000000000000000000000000000000000000000000000000000000000000000000000000000000000000000000000000000000000000000000000000000000000000000000000000000000000000000000000000000000000000000000000000000000000000000000000000000000000000000000000000000000000000000000000000000000000000000000
[17:19:16.698] [1] [WARNING] Tried loading prefab with duplicate tag, ignoring: DebugPlacer
[17:19:16.698] [1] [WARNING] Tried loading prefab with duplicate tag, ignoring: DebugPlacer
[17:19:17.335] [6] [INFO] World settings reload complete!
Unloading 5 Unused Serialized files (Serialized files now loaded: 2)

Unloading 5595 unused Assets to reduce memory usage. Loaded Objects now: 71110.
Total: 271.635400 ms (FindLiveObjects: 6.986800 ms CreateObjectMapping: 6.634300 ms MarkObjects: 254.563900 ms  DeleteObjects: 3.449800 ms)

Unloading 2 Unused Serialized files (Serialized files now loaded: 2)
UnloadTime: 3.650800 ms

Unloading 4 unused Assets to reduce memory usage. Loaded Objects now: 74972.
Total: 262.364400 ms (FindLiveObjects: 5.863300 ms CreateObjectMapping: 4.537400 ms MarkObjects: 251.730500 ms  DeleteObjects: 0.232600 ms)

[17:19:29.592] [1] [INFO] -- MAIN MENU -- 
[17:19:29.900] [1] [INFO] Checking which steam branch we're on. Got: []
[17:19:30.035] [1] [INFO] Screen resolution updated, saving values to prefs: 1920x1080 @ 60, fullscreen: True
Unloading 1 Unused Serialized files (Serialized files now loaded: 2)

Unloading 0 unused Assets to reduce memory usage. Loaded Objects now: 74963.
Total: 294.508000 ms (FindLiveObjects: 6.736700 ms CreateObjectMapping: 5.678100 ms MarkObjects: 281.805800 ms  DeleteObjects: 0.286600 ms)

Unloading 5 Unused Serialized files (Serialized files now loaded: 2)
UnloadTime: 4.887200 ms

Unloading 93 unused Assets to reduce memory usage. Loaded Objects now: 95345.
Total: 365.929600 ms (FindLiveObjects: 6.802500 ms CreateObjectMapping: 6.499500 ms MarkObjects: 352.219200 ms  DeleteObjects: 0.407800 ms)

[17:19:36.232] [1] [INFO] Loading save file: C:\Users\ELECTRO-RIMO\Documents\Klei\OxygenNotIncluded\cloud_save_files\76561197960271872\Factory\Factory.sav
 headerVersion:1, buildVersion:622222, headerSize:362, IsCompressed:True
[17:19:36.232] [1] [INFO] GameInfo loaded from save header:
  numberOfCycles:0,
  numberOfDuplicants:3,
  baseName:Factory,
  isAutoSave:False,
  originalSaveName:Factory.sav,
  clusterId:expansion1::clusters/VanillaSandstoneCluster,
  worldTraits:<i>none</i>,
  colonyGuid:961328b9-ab27-41ac-b3fc-1c1d9e206fd3,
  saveVersion:7.34
[17:19:36.863] [1] [INFO] Mod Footprint (1):
  - ONI Multiplayer Trade
[17:19:36.864] [1] [INFO] Active Mods (1):
  - ONI Multiplayer Trade
[17:19:50.136] [1] [INFO] 64.31808 Level Loaded.... backend
Shader warmup: 74 shaders 325 combinations 0.130s
[17:19:52.155] [1] [INFO] ONI Multiplayer Trade's assembly declared the method ONI_MP.UI.lib.AssetUtils:LoadAssetBundle in the stack trace, adding to referenced mods list
Unable to read header from archive file: C:/Users/ELECTRO-RIMO/Documents/Klei/OxygenNotIncluded/mods/Local/MultiplayerTrade/assets/windows/oni_mp_ui_assets
Failed to read data for the AssetBundle 'C:\Users\ELECTRO-RIMO\Documents\Klei\OxygenNotIncluded\mods\Local\MultiplayerTrade\assets\windows\oni_mp_ui_assets'.
[ONI_MP Warn] Failed to load AssetBundle from path C:\Users\ELECTRO-RIMO\Documents\Klei\OxygenNotIncluded\mods\Local\MultiplayerTrade\assets\windows\oni_mp_ui_assets
[17:19:52.158] [1] [ERROR] [Multiplayer Trade Mod] Failed to load UI AssetBundles! Object reference not set to an instance of an object
[Multiplayer Trade Mod] Failed to load UI AssetBundles! Object reference not set to an instance of an object
[17:19:52.163] [1] [INFO] [Multiplayer Trade Mod] Steam P2P Network Manager initialized.
[17:19:53.486] [1] [INFO] SAVEINFO
[17:19:53.486] [1] [INFO]  - Generated: Tuesday, 03 March 2026 14:03:27
[17:19:53.486] [1] [INFO]  - Played on: 622222
[17:19:53.486] [1] [INFO]  - Debug was used: False
[17:19:53.488] [1] [INFO] Custom Settings: ClusterLayout=expansion1::clusters/VanillaSandstoneCluster,WorldgenSeed=660715120,ImmuneSystem=Default,CalorieBurn=Default,Morale=Default,Durability=Default,MeteorShowers=Default,Radiation=Default,Stress=Default,StressBreaks=Default,CarePackages=Enabled,SandboxMode=Disabled,FastWorkersMode=Disabled,SaveToCloud=Enabled,Teleporters=Enabled,
[17:19:53.488] [1] [INFO] Story Settings: MegaBrainTank=Disabled,CreatureManipulator=Disabled,LonelyMinion=Disabled,FossilHunt=Disabled,MorbRoverMaker=Disabled,
[17:19:53.488] [1] [INFO] Mixing Settings: DLC2_ID=Enabled,IceCavesMixing=Disabled,CarrotQuarryMixing=Disabled,SugarWoodsMixing=Disabled,CeresAsteroidMixing=Disabled,
[17:19:53.951] [1] [INFO] Loaded [C:\Users\ELECTRO-RIMO\Documents\Klei\OxygenNotIncluded\cloud_save_files\76561197960271872\Factory\Factory.sav]
[17:19:53.951] [1] [INFO] World Seeds [660715127/660715127/660715127/660715127]
[17:19:54.095] [1] [INFO] -- GAME --
[17:19:54.098] [1] [INFO] [InterfaceTool] Initializing configs with values of DefaultKey: Invalid Configs: 3
[17:19:54.103] [1] [INFO] [InterfaceTool] Pushing config with key: Invalid
[17:19:54.199] [1] [WARNING] True Timelapse.OnNewDay but worldsToScreenshot is not empty
Unloading 0 Unused Serialized files (Serialized files now loaded: 2)
[17:19:57.873] [1] [INFO] Checking which steam branch we're on. Got: []
[17:19:57.898] [1] [INFO] Checking which steam branch we're on. Got: []
[17:19:58.131] [1] [WARNING] world Asteroid has invalid season VanillaSandstoneDefaultMeteorShowers
[17:19:58.133] [1] [WARNING] world Asteroid has invalid season MediumRadioactiveVanillaWarpPlanetMeteorShowers
FalseFalseFalseFalse[17:20:05.257] [1] [WARNING] artifacts_kanim ui placeSymbol [ ui ] is missing
[17:20:06.196] [1] [INFO] Screen resolution updated, saving values to prefs: 1920x1080 @ 60, fullscreen: True

Unloading 7 unused Assets to reduce memory usage. Loaded Objects now: 212049.
Total: 1050.312800 ms (FindLiveObjects: 30.502500 ms CreateObjectMapping: 27.177100 ms MarkObjects: 992.231700 ms  DeleteObjects: 0.401000 ms)

Game.OnApplicationQuit()
Setting up 2 worker threads for Enlighten.
  Thread -> id: 61fc -> priority: 1 
  Thread -> id: 1168 -> priority: 1 
